2021-05-05 20:28:58.574 [main] INFO  com.cheng.eduservice.EduApplication - Starting EduApplication on DESKTOP-6BFFI5U with PID 10040 (E:\guli_parent\service\service_edu\target\classes started by Administrator in E:\guli_parent)
2021-05-05 20:28:58.576 [main] INFO  com.cheng.eduservice.EduApplication - The following profiles are active: dev
2021-05-05 20:28:59.413 [main] INFO  o.s.d.r.config.RepositoryConfigurationDelegate - Multiple Spring Data modules found, entering strict repository configuration mode!
2021-05-05 20:28:59.416 [main] INFO  o.s.d.r.config.RepositoryConfigurationDelegate - Bootstrapping Spring Data repositories in DEFAULT mode.
2021-05-05 20:28:59.444 [main] INFO  o.s.d.r.config.RepositoryConfigurationDelegate - Finished Spring Data repository scanning in 14ms. Found 0 repository interfaces.
2021-05-05 20:28:59.909 [main] INFO  o.s.c.s.PostProcessorRegistrationDelegate$BeanPostProcessorChecker - Bean 'org.springframework.transaction.annotation.ProxyTransactionManagementConfiguration' of type [org.springframework.transaction.annotation.ProxyTransactionManagementConfiguration] is not eligible for getting processed by all BeanPostProcessors (for example: not eligible for auto-proxying)
2021-05-05 20:29:00.183 [main] INFO  o.s.boot.web.embedded.tomcat.TomcatWebServer - Tomcat initialized with port(s): 8001 (http)
2021-05-05 20:29:00.192 [main] INFO  org.apache.coyote.http11.Http11NioProtocol - Initializing ProtocolHandler ["http-nio-8001"]
2021-05-05 20:29:00.193 [main] INFO  org.apache.catalina.core.StandardService - Starting service [Tomcat]
2021-05-05 20:29:00.193 [main] INFO  org.apache.catalina.core.StandardEngine - Starting Servlet engine: [Apache Tomcat/9.0.27]
2021-05-05 20:29:00.195 [main] INFO  org.apache.catalina.core.AprLifecycleListener - An older version [1.2.16] of the APR based Apache Tomcat Native library is installed, while Tomcat recommends a minimum version of [1.2.23]
2021-05-05 20:29:00.195 [main] INFO  org.apache.catalina.core.AprLifecycleListener - Loaded APR based Apache Tomcat Native library [1.2.16] using APR version [1.6.3].
2021-05-05 20:29:00.195 [main] INFO  org.apache.catalina.core.AprLifecycleListener - APR capabilities: IPv6 [true], sendfile [true], accept filters [false], random [true].
2021-05-05 20:29:00.195 [main] INFO  org.apache.catalina.core.AprLifecycleListener - APR/OpenSSL configuration: useAprConnector [false], useOpenSSL [true]
2021-05-05 20:29:01.241 [main] INFO  org.apache.catalina.core.AprLifecycleListener - OpenSSL successfully initialized [OpenSSL 1.0.2m  2 Nov 2017]
2021-05-05 20:29:01.682 [main] INFO  o.a.c.core.ContainerBase.[Tomcat].[localhost].[/] - Initializing Spring embedded WebApplicationContext
2021-05-05 20:29:01.682 [main] INFO  org.springframework.web.context.ContextLoader - Root WebApplicationContext: initialization completed in 3066 ms
2021-05-05 20:29:04.507 [main] INFO  s.d.s.w.PropertySourcedRequestMappingHandlerMapping - Mapped URL path [/v2/api-docs] onto method [springfox.documentation.swagger2.web.Swagger2Controller#getDocumentation(String, HttpServletRequest)]
2021-05-05 20:29:04.598 [main] INFO  o.s.scheduling.concurrent.ThreadPoolTaskExecutor - Initializing ExecutorService 'applicationTaskExecutor'
2021-05-05 20:29:05.062 [main] INFO  s.d.s.web.plugins.DocumentationPluginsBootstrapper - Context refreshed
2021-05-05 20:29:05.075 [main] INFO  s.d.s.web.plugins.DocumentationPluginsBootstrapper - Found 1 custom documentation plugin(s)
2021-05-05 20:29:05.109 [main] INFO  s.d.spring.web.scanners.ApiListingReferenceScanner - Scanning for api listing references
2021-05-05 20:29:05.366 [main] INFO  org.apache.coyote.http11.Http11NioProtocol - Starting ProtocolHandler ["http-nio-8001"]
2021-05-05 20:29:05.386 [main] INFO  o.s.boot.web.embedded.tomcat.TomcatWebServer - Tomcat started on port(s): 8001 (http) with context path ''
2021-05-05 20:29:05.389 [main] INFO  com.cheng.eduservice.EduApplication - Started EduApplication in 7.244 seconds (JVM running for 8.851)
2021-05-05 20:29:08.526 [http-nio-8001-exec-1] INFO  o.a.c.core.ContainerBase.[Tomcat].[localhost].[/] - Initializing Spring DispatcherServlet 'dispatcherServlet'
2021-05-05 20:29:08.527 [http-nio-8001-exec-1] INFO  org.springframework.web.servlet.DispatcherServlet - Initializing Servlet 'dispatcherServlet'
2021-05-05 20:29:08.534 [http-nio-8001-exec-1] INFO  org.springframework.web.servlet.DispatcherServlet - Completed initialization in 7 ms
2021-05-05 20:29:12.292 [http-nio-8001-exec-8] INFO  com.zaxxer.hikari.HikariDataSource - HikariPool-1 - Starting...
2021-05-05 20:29:13.573 [http-nio-8001-exec-8] INFO  com.zaxxer.hikari.HikariDataSource - HikariPool-1 - Start completed.
2021-05-05 20:29:13.616 [http-nio-8001-exec-8] INFO  c.c.s.exceptionhandle.GlobalExceptionHandler - 服务器正忙，请稍后再试!
2021-05-05 20:30:26.780 [main] INFO  com.cheng.eduservice.EduApplication - Starting EduApplication on DESKTOP-6BFFI5U with PID 17604 (E:\guli_parent\service\service_edu\target\classes started by Administrator in E:\guli_parent)
2021-05-05 20:30:26.783 [main] INFO  com.cheng.eduservice.EduApplication - The following profiles are active: dev
2021-05-05 20:30:27.753 [main] INFO  o.s.d.r.config.RepositoryConfigurationDelegate - Multiple Spring Data modules found, entering strict repository configuration mode!
2021-05-05 20:30:27.755 [main] INFO  o.s.d.r.config.RepositoryConfigurationDelegate - Bootstrapping Spring Data repositories in DEFAULT mode.
2021-05-05 20:30:27.783 [main] INFO  o.s.d.r.config.RepositoryConfigurationDelegate - Finished Spring Data repository scanning in 15ms. Found 0 repository interfaces.
2021-05-05 20:30:28.061 [main] INFO  o.s.c.s.PostProcessorRegistrationDelegate$BeanPostProcessorChecker - Bean 'org.springframework.transaction.annotation.ProxyTransactionManagementConfiguration' of type [org.springframework.transaction.annotation.ProxyTransactionManagementConfiguration] is not eligible for getting processed by all BeanPostProcessors (for example: not eligible for auto-proxying)
2021-05-05 20:30:28.307 [main] INFO  o.s.boot.web.embedded.tomcat.TomcatWebServer - Tomcat initialized with port(s): 8001 (http)
2021-05-05 20:30:28.318 [main] INFO  org.apache.coyote.http11.Http11NioProtocol - Initializing ProtocolHandler ["http-nio-8001"]
2021-05-05 20:30:28.319 [main] INFO  org.apache.catalina.core.StandardService - Starting service [Tomcat]
2021-05-05 20:30:28.319 [main] INFO  org.apache.catalina.core.StandardEngine - Starting Servlet engine: [Apache Tomcat/9.0.27]
2021-05-05 20:30:28.321 [main] INFO  org.apache.catalina.core.AprLifecycleListener - An older version [1.2.16] of the APR based Apache Tomcat Native library is installed, while Tomcat recommends a minimum version of [1.2.23]
2021-05-05 20:30:28.321 [main] INFO  org.apache.catalina.core.AprLifecycleListener - Loaded APR based Apache Tomcat Native library [1.2.16] using APR version [1.6.3].
2021-05-05 20:30:28.321 [main] INFO  org.apache.catalina.core.AprLifecycleListener - APR capabilities: IPv6 [true], sendfile [true], accept filters [false], random [true].
2021-05-05 20:30:28.321 [main] INFO  org.apache.catalina.core.AprLifecycleListener - APR/OpenSSL configuration: useAprConnector [false], useOpenSSL [true]
2021-05-05 20:30:29.367 [main] INFO  org.apache.catalina.core.AprLifecycleListener - OpenSSL successfully initialized [OpenSSL 1.0.2m  2 Nov 2017]
2021-05-05 20:30:29.470 [main] INFO  o.a.c.core.ContainerBase.[Tomcat].[localhost].[/] - Initializing Spring embedded WebApplicationContext
2021-05-05 20:30:29.471 [main] INFO  org.springframework.web.context.ContextLoader - Root WebApplicationContext: initialization completed in 2641 ms
2021-05-05 20:30:31.786 [main] INFO  s.d.s.w.PropertySourcedRequestMappingHandlerMapping - Mapped URL path [/v2/api-docs] onto method [springfox.documentation.swagger2.web.Swagger2Controller#getDocumentation(String, HttpServletRequest)]
2021-05-05 20:30:31.894 [main] INFO  o.s.scheduling.concurrent.ThreadPoolTaskExecutor - Initializing ExecutorService 'applicationTaskExecutor'
2021-05-05 20:30:32.344 [main] INFO  s.d.s.web.plugins.DocumentationPluginsBootstrapper - Context refreshed
2021-05-05 20:30:32.367 [main] INFO  s.d.s.web.plugins.DocumentationPluginsBootstrapper - Found 1 custom documentation plugin(s)
2021-05-05 20:30:32.411 [main] INFO  s.d.spring.web.scanners.ApiListingReferenceScanner - Scanning for api listing references
2021-05-05 20:30:32.607 [main] INFO  org.apache.coyote.http11.Http11NioProtocol - Starting ProtocolHandler ["http-nio-8001"]
2021-05-05 20:30:32.629 [main] INFO  o.s.boot.web.embedded.tomcat.TomcatWebServer - Tomcat started on port(s): 8001 (http) with context path ''
2021-05-05 20:30:32.632 [main] INFO  com.cheng.eduservice.EduApplication - Started EduApplication in 6.36 seconds (JVM running for 8.109)
2021-05-05 20:30:36.301 [http-nio-8001-exec-1] INFO  o.a.c.core.ContainerBase.[Tomcat].[localhost].[/] - Initializing Spring DispatcherServlet 'dispatcherServlet'
2021-05-05 20:30:36.301 [http-nio-8001-exec-1] INFO  org.springframework.web.servlet.DispatcherServlet - Initializing Servlet 'dispatcherServlet'
2021-05-05 20:30:36.308 [http-nio-8001-exec-1] INFO  org.springframework.web.servlet.DispatcherServlet - Completed initialization in 7 ms
2021-05-05 20:30:39.408 [http-nio-8001-exec-5] INFO  com.zaxxer.hikari.HikariDataSource - HikariPool-1 - Starting...
2021-05-05 20:30:40.679 [http-nio-8001-exec-5] INFO  com.zaxxer.hikari.HikariDataSource - HikariPool-1 - Start completed.
2021-05-05 20:30:40.723 [http-nio-8001-exec-5] INFO  c.c.s.exceptionhandle.GlobalExceptionHandler - 服务器正忙，请稍后再试!
2021-05-05 20:31:03.811 [http-nio-8001-exec-9] INFO  c.c.s.exceptionhandle.GlobalExceptionHandler - 服务器正忙，请稍后再试!
2021-05-05 20:31:13.258 [http-nio-8001-exec-10] INFO  c.c.s.exceptionhandle.GlobalExceptionHandler - 服务器正忙，请稍后再试!
2021-05-05 20:31:43.167 [http-nio-8001-exec-3] INFO  c.c.s.exceptionhandle.GlobalExceptionHandler - 服务器正忙，请稍后再试!
2021-05-05 20:31:46.524 [http-nio-8001-exec-2] INFO  c.c.s.exceptionhandle.GlobalExceptionHandler - 服务器正忙，请稍后再试!
2021-05-05 20:31:48.800 [http-nio-8001-exec-4] INFO  c.c.s.exceptionhandle.GlobalExceptionHandler - 服务器正忙，请稍后再试!
2021-05-05 20:31:50.572 [http-nio-8001-exec-8] INFO  c.c.s.exceptionhandle.GlobalExceptionHandler - 服务器正忙，请稍后再试!
2021-05-05 20:31:52.591 [http-nio-8001-exec-6] INFO  c.c.s.exceptionhandle.GlobalExceptionHandler - 服务器正忙，请稍后再试!
